{"contracts/CloneFactory.sol":{"l":{"24":0,"31":0,"32":0},"path":"/home/sylph/dev/sfxdx_ru/yeur/contracts/CloneFactory.sol","s":{"1":0,"2":0,"3":0},"b":{},"f":{"1":0,"2":0},"fnMap":{"1":{"name":"predictCloneAddress","line":19,"loc":{"start":{"line":19,"column":4},"end":{"line":25,"column":4}}},"2":{"name":"clone","line":30,"loc":{"start":{"line":30,"column":4},"end":{"line":33,"column":4}}}},"statementMap":{"1":{"start":{"line":24,"column":8},"end":{"line":24,"column":63}},"2":{"start":{"line":31,"column":8},"end":{"line":31,"column":65}},"3":{"start":{"line":32,"column":8},"end":{"line":32,"column":35}}},"branchMap":{}},"contracts/Controller.sol":{"l":{"60":0,"61":0,"72":0,"73":0,"80":0,"87":0,"94":0,"100":0,"101":0,"107":0,"108":0,"109":0,"110":0,"116":0,"117":0,"123":0,"124":0,"130":0,"136":0,"142":0,"148":0,"159":0,"160":0,"172":0,"179":0,"180":0,"181":0,"182":0,"183":0,"185":0,"194":0,"202":0,"210":0,"211":0,"212":0,"213":0,"214":0,"215":0,"216":0,"217":0,"219":0,"221":0,"230":0,"231":0,"233":0,"234":0,"235":0,"236":0,"237":0,"238":0,"239":0,"240":0,"241":0,"242":0,"243":0,"250":0,"258":0,"259":0,"260":0,"261":0,"262":0},"path":"/home/sylph/dev/sfxdx_ru/yeur/contracts/Controller.sol","s":{"1":0,"2":0,"3":0,"4":0,"5":0,"6":0,"7":0,"8":0,"9":0,"10":0,"11":0,"12":0,"13":0,"14":0,"15":0,"16":0,"17":0,"18":0,"19":0,"20":0,"21":0,"22":0,"23":0,"24":0,"25":0,"26":0,"27":0,"28":0,"29":0,"30":0,"31":0,"32":0,"33":0,"34":0,"35":0,"36":0,"37":0,"38":0,"39":0,"40":0,"41":0,"42":0,"43":0,"44":0,"45":0,"46":0,"47":0,"48":0,"49":0,"50":0,"51":0,"52":0,"53":0,"54":0,"55":0,"56":0,"57":0,"58":0,"59":0,"60":0},"b":{"1":[0,0],"2":[0,0],"3":[0,0],"4":[0,0],"5":[0,0],"6":[0,0],"7":[0,0],"8":[0,0],"9":[0,0],"10":[0,0],"11":[0,0],"12":[0,0],"13":[0,0],"14":[0,0],"15":[0,0],"16":[0,0],"17":[0,0],"18":[0,0],"19":[0,0]},"f":{"1":0,"2":0,"3":0,"4":0,"5":0,"6":0,"7":0,"8":0,"9":0,"10":0,"11":0,"12":0,"13":0,"14":0,"15":0,"16":0,"17":0,"18":0,"19":0,"20":0},"fnMap":{"1":{"name":"onlyGovernanceOrStrategist","line":59,"loc":{"start":{"line":59,"column":4},"end":{"line":62,"column":4}}},"2":{"name":"configure","line":71,"loc":{"start":{"line":68,"column":4},"end":{"line":74,"column":4}}},"3":{"name":"inCaseTokensGetStuck","line":79,"loc":{"start":{"line":79,"column":4},"end":{"line":81,"column":4}}},"4":{"name":"inCaseStrategyTokenGetStuck","line":86,"loc":{"start":{"line":86,"column":4},"end":{"line":88,"column":4}}},"5":{"name":"withdraw","line":93,"loc":{"start":{"line":93,"column":4},"end":{"line":95,"column":4}}},"6":{"name":"setParts","line":99,"loc":{"start":{"line":99,"column":4},"end":{"line":102,"column":4}}},"7":{"name":"setRewards","line":106,"loc":{"start":{"line":106,"column":4},"end":{"line":111,"column":4}}},"8":{"name":"setOneSplit","line":115,"loc":{"start":{"line":115,"column":4},"end":{"line":118,"column":4}}},"9":{"name":"setStrategist","line":122,"loc":{"start":{"line":122,"column":4},"end":{"line":125,"column":4}}},"10":{"name":"rewards","line":129,"loc":{"start":{"line":129,"column":4},"end":{"line":131,"column":4}}},"11":{"name":"vaults","line":135,"loc":{"start":{"line":135,"column":4},"end":{"line":137,"column":4}}},"12":{"name":"strategies","line":141,"loc":{"start":{"line":141,"column":4},"end":{"line":143,"column":4}}},"13":{"name":"converters","line":147,"loc":{"start":{"line":147,"column":4},"end":{"line":149,"column":4}}},"14":{"name":"setVault","line":156,"loc":{"start":{"line":154,"column":4},"end":{"line":161,"column":4}}},"15":{"name":"setConverter","line":171,"loc":{"start":{"line":167,"column":4},"end":{"line":173,"column":4}}},"16":{"name":"setStrategy","line":178,"loc":{"start":{"line":178,"column":4},"end":{"line":186,"column":4}}},"17":{"name":"setApprovedStrategy","line":193,"loc":{"start":{"line":193,"column":4},"end":{"line":195,"column":4}}},"18":{"name":"approvedStrategies","line":201,"loc":{"start":{"line":201,"column":4},"end":{"line":203,"column":4}}},"19":{"name":"earn","line":209,"loc":{"start":{"line":209,"column":4},"end":{"line":222,"column":4}}},"20":{"name":"harvest","line":229,"loc":{"start":{"line":229,"column":4},"end":{"line":265,"column":4}}}},"statementMap":{"1":{"start":{"line":60,"column":6},"end":{"line":60,"column":96}},"2":{"start":{"line":72,"column":8},"end":{"line":72,"column":35}},"3":{"start":{"line":73,"column":8},"end":{"line":73,"column":38}},"4":{"start":{"line":80,"column":8},"end":{"line":80,"column":57}},"5":{"start":{"line":87,"column":8},"end":{"line":87,"column":44}},"6":{"start":{"line":94,"column":8},"end":{"line":94,"column":55}},"7":{"start":{"line":100,"column":8},"end":{"line":100,"column":42}},"8":{"start":{"line":101,"column":8},"end":{"line":101,"column":24}},"9":{"start":{"line":107,"column":8},"end":{"line":107,"column":49}},"10":{"start":{"line":108,"column":8},"end":{"line":108,"column":55}},"11":{"start":{"line":109,"column":8},"end":{"line":109,"column":54}},"12":{"start":{"line":110,"column":8},"end":{"line":110,"column":31}},"13":{"start":{"line":116,"column":8},"end":{"line":116,"column":48}},"14":{"start":{"line":117,"column":8},"end":{"line":117,"column":30}},"15":{"start":{"line":123,"column":8},"end":{"line":123,"column":52}},"16":{"start":{"line":124,"column":8},"end":{"line":124,"column":34}},"17":{"start":{"line":130,"column":8},"end":{"line":130,"column":24}},"18":{"start":{"line":136,"column":8},"end":{"line":136,"column":30}},"19":{"start":{"line":142,"column":8},"end":{"line":142,"column":34}},"20":{"start":{"line":148,"column":8},"end":{"line":148,"column":48}},"21":{"start":{"line":159,"column":8},"end":{"line":159,"column":57}},"22":{"start":{"line":160,"column":8},"end":{"line":160,"column":31}},"23":{"start":{"line":172,"column":8},"end":{"line":172,"column":48}},"24":{"start":{"line":179,"column":8},"end":{"line":179,"column":67}},"25":{"start":{"line":180,"column":8},"end":{"line":180,"column":46}},"26":{"start":{"line":181,"column":8},"end":{"line":181,"column":7200}},"27":{"start":{"line":182,"column":12},"end":{"line":182,"column":44}},"28":{"start":{"line":183,"column":12},"end":{"line":183,"column":43}},"29":{"start":{"line":185,"column":8},"end":{"line":185,"column":38}},"30":{"start":{"line":194,"column":8},"end":{"line":194,"column":55}},"31":{"start":{"line":202,"column":8},"end":{"line":202,"column":53}},"32":{"start":{"line":210,"column":8},"end":{"line":210,"column":47}},"33":{"start":{"line":211,"column":8},"end":{"line":211,"column":51}},"34":{"start":{"line":212,"column":8},"end":{"line":212,"column":8677}},"35":{"start":{"line":213,"column":12},"end":{"line":213,"column":58}},"36":{"start":{"line":214,"column":12},"end":{"line":214,"column":57}},"37":{"start":{"line":215,"column":12},"end":{"line":215,"column":90}},"38":{"start":{"line":216,"column":12},"end":{"line":216,"column":61}},"39":{"start":{"line":217,"column":12},"end":{"line":217,"column":87}},"40":{"start":{"line":219,"column":12},"end":{"line":219,"column":89}},"41":{"start":{"line":221,"column":8},"end":{"line":221,"column":37}},"42":{"start":{"line":230,"column":8},"end":{"line":230,"column":51}},"43":{"start":{"line":231,"column":8},"end":{"line":231,"column":40}},"44":{"start":{"line":233,"column":8},"end":{"line":233,"column":65}},"45":{"start":{"line":234,"column":8},"end":{"line":234,"column":44}},"46":{"start":{"line":235,"column":8},"end":{"line":235,"column":65}},"47":{"start":{"line":236,"column":8},"end":{"line":236,"column":10139}},"48":{"start":{"line":237,"column":12},"end":{"line":237,"column":49}},"49":{"start":{"line":238,"column":12},"end":{"line":238,"column":42}},"50":{"start":{"line":239,"column":12},"end":{"line":239,"column":29}},"51":{"start":{"line":240,"column":12},"end":{"line":240,"column":59}},"52":{"start":{"line":241,"column":12},"end":{"line":241,"column":50}},"53":{"start":{"line":242,"column":12},"end":{"line":242,"column":56}},"54":{"start":{"line":243,"column":12},"end":{"line":243,"column":10479}},"55":{"start":{"line":250,"column":12},"end":{"line":250,"column":10692}},"56":{"start":{"line":258,"column":12},"end":{"line":258,"column":10907}},"57":{"start":{"line":259,"column":16},"end":{"line":259,"column":44}},"58":{"start":{"line":260,"column":16},"end":{"line":260,"column":61}},"59":{"start":{"line":261,"column":16},"end":{"line":261,"column":48}},"60":{"start":{"line":262,"column":16},"end":{"line":262,"column":87}}},"branchMap":{"1":{"line":60,"type":"if","locations":[{"start":{"line":60,"column":6},"end":{"line":60,"column":6}},{"start":{"line":60,"column":6},"end":{"line":60,"column":6}}]},"2":{"line":100,"type":"if","locations":[{"start":{"line":100,"column":8},"end":{"line":100,"column":8}},{"start":{"line":100,"column":8},"end":{"line":100,"column":8}}]},"3":{"line":107,"type":"if","locations":[{"start":{"line":107,"column":8},"end":{"line":107,"column":8}},{"start":{"line":107,"column":8},"end":{"line":107,"column":8}}]},"4":{"line":108,"type":"if","locations":[{"start":{"line":108,"column":8},"end":{"line":108,"column":8}},{"start":{"line":108,"column":8},"end":{"line":108,"column":8}}]},"5":{"line":109,"type":"if","locations":[{"start":{"line":109,"column":8},"end":{"line":109,"column":8}},{"start":{"line":109,"column":8},"end":{"line":109,"column":8}}]},"6":{"line":116,"type":"if","locations":[{"start":{"line":116,"column":8},"end":{"line":116,"column":8}},{"start":{"line":116,"column":8},"end":{"line":116,"column":8}}]},"7":{"line":123,"type":"if","locations":[{"start":{"line":123,"column":8},"end":{"line":123,"column":8}},{"start":{"line":123,"column":8},"end":{"line":123,"column":8}}]},"8":{"line":159,"type":"if","locations":[{"start":{"line":159,"column":8},"end":{"line":159,"column":8}},{"start":{"line":159,"column":8},"end":{"line":159,"column":8}}]},"9":{"line":179,"type":"if","locations":[{"start":{"line":179,"column":8},"end":{"line":179,"column":8}},{"start":{"line":179,"column":8},"end":{"line":179,"column":8}}]},"10":{"line":181,"type":"if","locations":[{"start":{"line":181,"column":8},"end":{"line":181,"column":8}},{"start":{"line":181,"column":8},"end":{"line":181,"column":8}}]},"11":{"line":212,"type":"if","locations":[{"start":{"line":212,"column":8},"end":{"line":212,"column":8}},{"start":{"line":212,"column":8},"end":{"line":212,"column":8}}]},"12":{"line":214,"type":"if","locations":[{"start":{"line":214,"column":12},"end":{"line":214,"column":12}},{"start":{"line":214,"column":12},"end":{"line":214,"column":12}}]},"13":{"line":215,"type":"if","locations":[{"start":{"line":215,"column":12},"end":{"line":215,"column":12}},{"start":{"line":215,"column":12},"end":{"line":215,"column":12}}]},"14":{"line":217,"type":"if","locations":[{"start":{"line":217,"column":12},"end":{"line":217,"column":12}},{"start":{"line":217,"column":12},"end":{"line":217,"column":12}}]},"15":{"line":219,"type":"if","locations":[{"start":{"line":219,"column":12},"end":{"line":219,"column":12}},{"start":{"line":219,"column":12},"end":{"line":219,"column":12}}]},"16":{"line":231,"type":"if","locations":[{"start":{"line":231,"column":8},"end":{"line":231,"column":8}},{"start":{"line":231,"column":8},"end":{"line":231,"column":8}}]},"17":{"line":236,"type":"if","locations":[{"start":{"line":236,"column":8},"end":{"line":236,"column":8}},{"start":{"line":236,"column":8},"end":{"line":236,"column":8}}]},"18":{"line":258,"type":"if","locations":[{"start":{"line":258,"column":12},"end":{"line":258,"column":12}},{"start":{"line":258,"column":12},"end":{"line":258,"column":12}}]},"19":{"line":262,"type":"if","locations":[{"start":{"line":262,"column":16},"end":{"line":262,"column":16}},{"start":{"line":262,"column":16},"end":{"line":262,"column":16}}]}}},"contracts/converters/EURxbToWrappedEURxbConverter.sol":{"l":{"19":0,"23":0,"24":0,"25":0,"26":0,"27":0},"path":"/home/sylph/dev/sfxdx_ru/yeur/contracts/converters/EURxbToWrappedEURxbConverter.sol","s":{"1":0,"2":0,"3":0,"4":0,"5":0,"6":0},"b":{},"f":{"1":0,"2":0},"fnMap":{"1":{"name":"configure","line":18,"loc":{"start":{"line":18,"column":4},"end":{"line":20,"column":4}}},"2":{"name":"convert","line":22,"loc":{"start":{"line":22,"column":4},"end":{"line":28,"column":4}}}},"statementMap":{"1":{"start":{"line":19,"column":8},"end":{"line":19,"column":21}},"2":{"start":{"line":23,"column":8},"end":{"line":23,"column":69}},"3":{"start":{"line":24,"column":8},"end":{"line":24,"column":72}},"4":{"start":{"line":25,"column":8},"end":{"line":25,"column":60}},"5":{"start":{"line":26,"column":8},"end":{"line":26,"column":47}},"6":{"start":{"line":27,"column":8},"end":{"line":27,"column":27}}},"branchMap":{}},"contracts/converters/WrappedEURxbToEURxbConverter.sol":{"l":{"22":0,"26":0,"27":0,"28":0,"29":0,"30":0},"path":"/home/sylph/dev/sfxdx_ru/yeur/contracts/converters/WrappedEURxbToEURxbConverter.sol","s":{"1":0,"2":0,"3":0,"4":0,"5":0,"6":0},"b":{},"f":{"1":0,"2":0},"fnMap":{"1":{"name":"configure","line":21,"loc":{"start":{"line":21,"column":4},"end":{"line":23,"column":4}}},"2":{"name":"convert","line":25,"loc":{"start":{"line":25,"column":4},"end":{"line":31,"column":4}}}},"statementMap":{"1":{"start":{"line":22,"column":8},"end":{"line":22,"column":21}},"2":{"start":{"line":26,"column":8},"end":{"line":26,"column":72}},"3":{"start":{"line":27,"column":8},"end":{"line":27,"column":70}},"4":{"start":{"line":28,"column":8},"end":{"line":28,"column":40}},"5":{"start":{"line":29,"column":8},"end":{"line":29,"column":68}},"6":{"start":{"line":30,"column":8},"end":{"line":30,"column":34}}},"branchMap":{}},"contracts/ForFlattened.sol":{"l":{},"path":"/home/sylph/dev/sfxdx_ru/yeur/contracts/ForFlattened.sol","s":{},"b":{},"f":{},"fnMap":{},"statementMap":{},"branchMap":{}},"contracts/governance/Governable.sol":{"l":{"13":0,"18":0,"19":0,"25":0},"path":"/home/sylph/dev/sfxdx_ru/yeur/contracts/governance/Governable.sol","s":{"1":0,"2":0,"3":0},"b":{"1":[0,0]},"f":{"1":0,"2":0,"3":0},"fnMap":{"1":{"name":"constructor","line":12,"loc":{"start":{"line":12,"column":4},"end":{"line":14,"column":4}}},"2":{"name":"onlyGovernance","line":17,"loc":{"start":{"line":17,"column":4},"end":{"line":20,"column":4}}},"3":{"name":"setGovernance","line":24,"loc":{"start":{"line":24,"column":4},"end":{"line":26,"column":4}}}},"statementMap":{"1":{"start":{"line":13,"column":8},"end":{"line":13,"column":30}},"2":{"start":{"line":18,"column":8},"end":{"line":18,"column":55}},"3":{"start":{"line":25,"column":8},"end":{"line":25,"column":34}}},"branchMap":{"1":{"line":18,"type":"if","locations":[{"start":{"line":18,"column":8},"end":{"line":18,"column":8}},{"start":{"line":18,"column":8},"end":{"line":18,"column":8}}]}}},"contracts/governance/Governance.sol":{"l":{"167":0,"168":0,"169":0,"170":0,"171":0,"178":0,"179":0,"180":0,"186":0,"192":0,"198":0,"204":0,"210":0,"215":0,"216":0,"227":0,"228":0,"229":0,"231":0,"232":0,"233":0,"235":0,"236":0,"237":0,"244":0,"245":0,"259":0,"266":0,"267":0,"273":0,"274":0,"275":0,"276":0,"277":0,"279":0,"296":0,"297":0,"298":0,"299":0,"300":0,"302":0,"303":0,"304":0,"311":0,"312":0,"313":0,"314":0,"315":0,"327":0,"332":0,"333":0,"334":0,"335":0,"336":0,"341":0,"342":0,"343":0,"345":0,"347":0,"349":0,"350":0,"356":0,"357":0,"359":0,"360":0,"361":0,"362":0,"365":0,"366":0,"367":0,"369":0,"370":0,"371":0,"373":0,"375":0,"381":0,"382":0,"384":0,"385":0,"386":0,"387":0,"390":0,"391":0,"392":0,"394":0,"395":0,"396":0,"398":0,"400":0,"405":0,"406":0,"407":0,"408":0,"409":0,"411":0,"417":0,"423":0,"424":0,"426":0,"440":0,"450":0,"451":0,"452":0,"453":0,"455":0,"456":0,"463":0,"464":0,"465":0,"466":0,"468":0,"469":0,"471":0,"472":0,"477":0,"478":0,"480":0,"481":0,"482":0,"483":0,"484":0},"path":"/home/sylph/dev/sfxdx_ru/yeur/contracts/governance/Governance.sol","s":{"1":0,"2":0,"3":0,"4":0,"5":0,"6":0,"7":0,"8":0,"9":0,"10":0,"11":0,"12":0,"13":0,"14":0,"15":0,"16":0,"17":0,"18":0,"19":0,"20":0,"21":0,"22":0,"23":0,"24":0,"25":0,"26":0,"27":0,"28":0,"29":0,"30":0,"31":0,"32":0,"33":0,"34":0,"35":0,"36":0,"37":0,"38":0,"39":0,"40":0,"41":0,"42":0,"43":0,"44":0,"45":0,"46":0,"47":0,"48":0,"49":0,"50":0,"51":0,"52":0,"53":0,"54":0,"55":0,"56":0,"57":0,"58":0,"59":0,"60":0,"61":0,"62":0,"63":0,"64":0,"65":0,"66":0,"67":0,"68":0,"69":0,"70":0,"71":0,"72":0,"73":0,"74":0,"75":0,"76":0,"77":0,"78":0,"79":0,"80":0,"81":0,"82":0,"83":0,"84":0,"85":0,"86":0,"87":0,"88":0,"89":0,"90":0,"91":0,"92":0,"93":0,"94":0,"95":0,"96":0,"97":0,"98":0,"99":0,"100":0,"101":0,"102":0,"103":0,"104":0,"105":0,"106":0,"107":0,"108":0,"109":0,"110":0,"111":0,"112":0,"113":0,"114":0,"115":0,"116":0,"117":0,"118":0,"119":0},"b":{"1":[0,0],"2":[0,0],"3":[0,0],"4":[0,0],"5":[0,0],"6":[0,0],"7":[0,0],"8":[0,0],"9":[0,0],"10":[0,0],"11":[0,0],"12":[0,0],"13":[0,0],"14":[0,0],"15":[0,0],"16":[0,0],"17":[0,0],"18":[0,0],"19":[0,0],"20":[0,0],"21":[0,0],"22":[0,0],"23":[0,0],"24":[0,0],"25":[0,0],"26":[0,0],"27":[0,0],"28":[0,0],"29":[0,0],"30":[0,0]},"f":{"1":0,"2":0,"3":0,"4":0,"5":0,"6":0,"7":0,"8":0,"9":0,"10":0,"11":0,"12":0,"13":0,"14":0,"15":0,"16":0,"17":0,"18":0,"19":0,"20":0,"21":0,"22":0,"23":0,"24":0,"25":0},"fnMap":{"1":{"name":"configure","line":166,"loc":{"start":{"line":160,"column":4},"end":{"line":172,"column":4}}},"2":{"name":"seize","line":177,"loc":{"start":{"line":177,"column":4},"end":{"line":181,"column":4}}},"3":{"name":"setBreaker","line":185,"loc":{"start":{"line":185,"column":4},"end":{"line":187,"column":4}}},"4":{"name":"setQuorum","line":191,"loc":{"start":{"line":191,"column":4},"end":{"line":193,"column":4}}},"5":{"name":"setMinimum","line":197,"loc":{"start":{"line":197,"column":4},"end":{"line":199,"column":4}}},"6":{"name":"setPeriod","line":203,"loc":{"start":{"line":203,"column":4},"end":{"line":205,"column":4}}},"7":{"name":"setLock","line":209,"loc":{"start":{"line":209,"column":4},"end":{"line":211,"column":4}}},"8":{"name":"exit","line":214,"loc":{"start":{"line":214,"column":4},"end":{"line":217,"column":4}}},"9":{"name":"notifyRewardAmount","line":225,"loc":{"start":{"line":221,"column":4},"end":{"line":238,"column":4}}},"10":{"name":"propose","line":243,"loc":{"start":{"line":243,"column":4},"end":{"line":268,"column":4}}},"11":{"name":"execute","line":272,"loc":{"start":{"line":272,"column":4},"end":{"line":280,"column":4}}},"12":{"name":"getStats","line":287,"loc":{"start":{"line":287,"column":4},"end":{"line":306,"column":4}}},"13":{"name":"tallyVotes","line":310,"loc":{"start":{"line":310,"column":4},"end":{"line":321,"column":4}}},"14":{"name":"votesOf","line":326,"loc":{"start":{"line":326,"column":4},"end":{"line":328,"column":4}}},"15":{"name":"register","line":331,"loc":{"start":{"line":331,"column":4},"end":{"line":337,"column":4}}},"16":{"name":"revoke","line":340,"loc":{"start":{"line":340,"column":4},"end":{"line":351,"column":4}}},"17":{"name":"voteFor","line":355,"loc":{"start":{"line":355,"column":4},"end":{"line":376,"column":4}}},"18":{"name":"voteAgainst","line":380,"loc":{"start":{"line":380,"column":4},"end":{"line":401,"column":4}}},"19":{"name":"updateReward","line":404,"loc":{"start":{"line":404,"column":4},"end":{"line":412,"column":4}}},"20":{"name":"lastTimeRewardApplicable","line":416,"loc":{"start":{"line":416,"column":4},"end":{"line":418,"column":4}}},"21":{"name":"rewardPerToken","line":422,"loc":{"start":{"line":422,"column":4},"end":{"line":434,"column":4}}},"22":{"name":"earned","line":439,"loc":{"start":{"line":439,"column":4},"end":{"line":445,"column":4}}},"23":{"name":"stake","line":449,"loc":{"start":{"line":449,"column":4},"end":{"line":457,"column":4}}},"24":{"name":"withdraw","line":462,"loc":{"start":{"line":462,"column":4},"end":{"line":473,"column":4}}},"25":{"name":"getReward","line":476,"loc":{"start":{"line":476,"column":4},"end":{"line":486,"column":4}}}},"statementMap":{"1":{"start":{"line":167,"column":8},"end":{"line":167,"column":31}},"2":{"start":{"line":168,"column":8},"end":{"line":168,"column":50}},"3":{"start":{"line":169,"column":8},"end":{"line":169,"column":44}},"4":{"start":{"line":170,"column":8},"end":{"line":170,"column":33}},"5":{"start":{"line":171,"column":8},"end":{"line":171,"column":49}},"6":{"start":{"line":178,"column":8},"end":{"line":178,"column":55}},"7":{"start":{"line":179,"column":8},"end":{"line":179,"column":61}},"8":{"start":{"line":180,"column":8},"end":{"line":180,"column":47}},"9":{"start":{"line":186,"column":8},"end":{"line":186,"column":25}},"10":{"start":{"line":192,"column":8},"end":{"line":192,"column":23}},"11":{"start":{"line":198,"column":8},"end":{"line":198,"column":25}},"12":{"start":{"line":204,"column":8},"end":{"line":204,"column":23}},"13":{"start":{"line":210,"column":8},"end":{"line":210,"column":19}},"14":{"start":{"line":215,"column":8},"end":{"line":215,"column":40}},"15":{"start":{"line":216,"column":8},"end":{"line":216,"column":18}},"16":{"start":{"line":227,"column":8},"end":{"line":227,"column":82}},"17":{"start":{"line":228,"column":8},"end":{"line":228,"column":9551}},"18":{"start":{"line":229,"column":12},"end":{"line":229,"column":45}},"19":{"start":{"line":231,"column":12},"end":{"line":231,"column":65}},"20":{"start":{"line":232,"column":12},"end":{"line":232,"column":56}},"21":{"start":{"line":233,"column":12},"end":{"line":233,"column":59}},"22":{"start":{"line":235,"column":8},"end":{"line":235,"column":39}},"23":{"start":{"line":236,"column":8},"end":{"line":236,"column":51}},"24":{"start":{"line":237,"column":8},"end":{"line":237,"column":33}},"25":{"start":{"line":244,"column":8},"end":{"line":244,"column":59}},"26":{"start":{"line":245,"column":8},"end":{"line":245,"column":10281}},"27":{"start":{"line":259,"column":8},"end":{"line":259,"column":10731}},"28":{"start":{"line":267,"column":8},"end":{"line":267,"column":54}},"29":{"start":{"line":273,"column":8},"end":{"line":273,"column":73}},"30":{"start":{"line":274,"column":8},"end":{"line":274,"column":66}},"31":{"start":{"line":275,"column":8},"end":{"line":275,"column":58}},"32":{"start":{"line":276,"column":8},"end":{"line":276,"column":11336}},"33":{"start":{"line":277,"column":12},"end":{"line":277,"column":26}},"34":{"start":{"line":279,"column":8},"end":{"line":279,"column":79}},"35":{"start":{"line":296,"column":8},"end":{"line":296,"column":42}},"36":{"start":{"line":297,"column":8},"end":{"line":297,"column":50}},"37":{"start":{"line":298,"column":8},"end":{"line":298,"column":43}},"38":{"start":{"line":299,"column":8},"end":{"line":299,"column":12142}},"39":{"start":{"line":300,"column":10},"end":{"line":300,"column":20}},"40":{"start":{"line":302,"column":10},"end":{"line":302,"column":43}},"41":{"start":{"line":303,"column":10},"end":{"line":303,"column":51}},"42":{"start":{"line":304,"column":10},"end":{"line":304,"column":76}},"43":{"start":{"line":311,"column":8},"end":{"line":311,"column":52}},"44":{"start":{"line":312,"column":8},"end":{"line":312,"column":57}},"45":{"start":{"line":313,"column":8},"end":{"line":313,"column":57}},"46":{"start":{"line":314,"column":8},"end":{"line":314,"column":34}},"47":{"start":{"line":315,"column":8},"end":{"line":315,"column":12787}},"48":{"start":{"line":327,"column":8},"end":{"line":327,"column":28}},"49":{"start":{"line":332,"column":8},"end":{"line":332,"column":54}},"50":{"start":{"line":333,"column":8},"end":{"line":333,"column":34}},"51":{"start":{"line":334,"column":8},"end":{"line":334,"column":52}},"52":{"start":{"line":335,"column":8},"end":{"line":335,"column":55}},"53":{"start":{"line":336,"column":8},"end":{"line":336,"column":73}},"54":{"start":{"line":341,"column":8},"end":{"line":341,"column":54}},"55":{"start":{"line":342,"column":8},"end":{"line":342,"column":35}},"56":{"start":{"line":343,"column":8},"end":{"line":343,"column":13823}},"57":{"start":{"line":345,"column":12},"end":{"line":345,"column":25}},"58":{"start":{"line":347,"column":12},"end":{"line":347,"column":59}},"59":{"start":{"line":349,"column":8},"end":{"line":349,"column":71}},"60":{"start":{"line":350,"column":8},"end":{"line":350,"column":30}},"61":{"start":{"line":356,"column":8},"end":{"line":356,"column":62}},"62":{"start":{"line":357,"column":8},"end":{"line":357,"column":58}},"63":{"start":{"line":359,"column":8},"end":{"line":359,"column":68}},"64":{"start":{"line":360,"column":8},"end":{"line":360,"column":14508}},"65":{"start":{"line":361,"column":12},"end":{"line":361,"column":92}},"66":{"start":{"line":362,"column":12},"end":{"line":362,"column":56}},"67":{"start":{"line":365,"column":8},"end":{"line":365,"column":87}},"68":{"start":{"line":366,"column":8},"end":{"line":366,"column":76}},"69":{"start":{"line":367,"column":8},"end":{"line":367,"column":68}},"70":{"start":{"line":369,"column":8},"end":{"line":369,"column":54}},"71":{"start":{"line":370,"column":8},"end":{"line":370,"column":91}},"72":{"start":{"line":371,"column":8},"end":{"line":371,"column":64}},"73":{"start":{"line":373,"column":8},"end":{"line":373,"column":54}},"74":{"start":{"line":375,"column":8},"end":{"line":375,"column":48}},"75":{"start":{"line":381,"column":8},"end":{"line":381,"column":62}},"76":{"start":{"line":382,"column":8},"end":{"line":382,"column":58}},"77":{"start":{"line":384,"column":8},"end":{"line":384,"column":60}},"78":{"start":{"line":385,"column":8},"end":{"line":385,"column":15607}},"79":{"start":{"line":386,"column":12},"end":{"line":386,"column":80}},"80":{"start":{"line":387,"column":12},"end":{"line":387,"column":52}},"81":{"start":{"line":390,"column":8},"end":{"line":390,"column":91}},"82":{"start":{"line":391,"column":8},"end":{"line":391,"column":84}},"83":{"start":{"line":392,"column":8},"end":{"line":392,"column":72}},"84":{"start":{"line":394,"column":8},"end":{"line":394,"column":54}},"85":{"start":{"line":395,"column":8},"end":{"line":395,"column":91}},"86":{"start":{"line":396,"column":8},"end":{"line":396,"column":64}},"87":{"start":{"line":398,"column":8},"end":{"line":398,"column":54}},"88":{"start":{"line":400,"column":8},"end":{"line":400,"column":49}},"89":{"start":{"line":405,"column":8},"end":{"line":405,"column":46}},"90":{"start":{"line":406,"column":8},"end":{"line":406,"column":50}},"91":{"start":{"line":407,"column":8},"end":{"line":407,"column":16615}},"92":{"start":{"line":408,"column":12},"end":{"line":408,"column":47}},"93":{"start":{"line":409,"column":12},"end":{"line":409,"column":66}},"94":{"start":{"line":417,"column":8},"end":{"line":417,"column":54}},"95":{"start":{"line":423,"column":8},"end":{"line":423,"column":17250}},"96":{"start":{"line":424,"column":12},"end":{"line":424,"column":39}},"97":{"start":{"line":426,"column":8},"end":{"line":426,"column":17340}},"98":{"start":{"line":440,"column":8},"end":{"line":440,"column":17860}},"99":{"start":{"line":450,"column":8},"end":{"line":450,"column":39}},"100":{"start":{"line":451,"column":8},"end":{"line":451,"column":18344}},"101":{"start":{"line":452,"column":12},"end":{"line":452,"column":65}},"102":{"start":{"line":453,"column":12},"end":{"line":453,"column":47}},"103":{"start":{"line":455,"column":8},"end":{"line":455,"column":27}},"104":{"start":{"line":456,"column":8},"end":{"line":456,"column":42}},"105":{"start":{"line":463,"column":8},"end":{"line":463,"column":42}},"106":{"start":{"line":464,"column":8},"end":{"line":464,"column":18928}},"107":{"start":{"line":465,"column":12},"end":{"line":465,"column":65}},"108":{"start":{"line":466,"column":12},"end":{"line":466,"column":47}},"109":{"start":{"line":468,"column":8},"end":{"line":468,"column":19100}},"110":{"start":{"line":469,"column":12},"end":{"line":469,"column":68}},"111":{"start":{"line":471,"column":8},"end":{"line":471,"column":30}},"112":{"start":{"line":472,"column":8},"end":{"line":472,"column":45}},"113":{"start":{"line":477,"column":8},"end":{"line":477,"column":19511}},"114":{"start":{"line":478,"column":12},"end":{"line":478,"column":67}},"115":{"start":{"line":480,"column":8},"end":{"line":480,"column":45}},"116":{"start":{"line":481,"column":8},"end":{"line":481,"column":19662}},"117":{"start":{"line":482,"column":12},"end":{"line":482,"column":36}},"118":{"start":{"line":483,"column":12},"end":{"line":483,"column":54}},"119":{"start":{"line":484,"column":12},"end":{"line":484,"column":49}}},"branchMap":{"1":{"line":178,"type":"if","locations":[{"start":{"line":178,"column":8},"end":{"line":178,"column":8}},{"start":{"line":178,"column":8},"end":{"line":178,"column":8}}]},"2":{"line":179,"type":"if","locations":[{"start":{"line":179,"column":8},"end":{"line":179,"column":8}},{"start":{"line":179,"column":8},"end":{"line":179,"column":8}}]},"3":{"line":228,"type":"if","locations":[{"start":{"line":228,"column":8},"end":{"line":228,"column":8}},{"start":{"line":228,"column":8},"end":{"line":228,"column":8}}]},"4":{"line":244,"type":"if","locations":[{"start":{"line":244,"column":8},"end":{"line":244,"column":8}},{"start":{"line":244,"column":8},"end":{"line":244,"column":8}}]},"5":{"line":274,"type":"if","locations":[{"start":{"line":274,"column":8},"end":{"line":274,"column":8}},{"start":{"line":274,"column":8},"end":{"line":274,"column":8}}]},"6":{"line":275,"type":"if","locations":[{"start":{"line":275,"column":8},"end":{"line":275,"column":8}},{"start":{"line":275,"column":8},"end":{"line":275,"column":8}}]},"7":{"line":276,"type":"if","locations":[{"start":{"line":276,"column":8},"end":{"line":276,"column":8}},{"start":{"line":276,"column":8},"end":{"line":276,"column":8}}]},"8":{"line":299,"type":"if","locations":[{"start":{"line":299,"column":8},"end":{"line":299,"column":8}},{"start":{"line":299,"column":8},"end":{"line":299,"column":8}}]},"9":{"line":311,"type":"if","locations":[{"start":{"line":311,"column":8},"end":{"line":311,"column":8}},{"start":{"line":311,"column":8},"end":{"line":311,"column":8}}]},"10":{"line":312,"type":"if","locations":[{"start":{"line":312,"column":8},"end":{"line":312,"column":8}},{"start":{"line":312,"column":8},"end":{"line":312,"column":8}}]},"11":{"line":332,"type":"if","locations":[{"start":{"line":332,"column":8},"end":{"line":332,"column":8}},{"start":{"line":332,"column":8},"end":{"line":332,"column":8}}]},"12":{"line":341,"type":"if","locations":[{"start":{"line":341,"column":8},"end":{"line":341,"column":8}},{"start":{"line":341,"column":8},"end":{"line":341,"column":8}}]},"13":{"line":343,"type":"if","locations":[{"start":{"line":343,"column":8},"end":{"line":343,"column":8}},{"start":{"line":343,"column":8},"end":{"line":343,"column":8}}]},"14":{"line":356,"type":"if","locations":[{"start":{"line":356,"column":8},"end":{"line":356,"column":8}},{"start":{"line":356,"column":8},"end":{"line":356,"column":8}}]},"15":{"line":357,"type":"if","locations":[{"start":{"line":357,"column":8},"end":{"line":357,"column":8}},{"start":{"line":357,"column":8},"end":{"line":357,"column":8}}]},"16":{"line":360,"type":"if","locations":[{"start":{"line":360,"column":8},"end":{"line":360,"column":8}},{"start":{"line":360,"column":8},"end":{"line":360,"column":8}}]},"17":{"line":381,"type":"if","locations":[{"start":{"line":381,"column":8},"end":{"line":381,"column":8}},{"start":{"line":381,"column":8},"end":{"line":381,"column":8}}]},"18":{"line":382,"type":"if","locations":[{"start":{"line":382,"column":8},"end":{"line":382,"column":8}},{"start":{"line":382,"column":8},"end":{"line":382,"column":8}}]},"19":{"line":385,"type":"if","locations":[{"start":{"line":385,"column":8},"end":{"line":385,"column":8}},{"start":{"line":385,"column":8},"end":{"line":385,"column":8}}]},"20":{"line":407,"type":"if","locations":[{"start":{"line":407,"column":8},"end":{"line":407,"column":8}},{"start":{"line":407,"column":8},"end":{"line":407,"column":8}}]},"21":{"line":423,"type":"if","locations":[{"start":{"line":423,"column":8},"end":{"line":423,"column":8}},{"start":{"line":423,"column":8},"end":{"line":423,"column":8}}]},"22":{"line":450,"type":"if","locations":[{"start":{"line":450,"column":8},"end":{"line":450,"column":8}},{"start":{"line":450,"column":8},"end":{"line":450,"column":8}}]},"23":{"line":451,"type":"if","locations":[{"start":{"line":451,"column":8},"end":{"line":451,"column":8}},{"start":{"line":451,"column":8},"end":{"line":451,"column":8}}]},"24":{"line":463,"type":"if","locations":[{"start":{"line":463,"column":8},"end":{"line":463,"column":8}},{"start":{"line":463,"column":8},"end":{"line":463,"column":8}}]},"25":{"line":464,"type":"if","locations":[{"start":{"line":464,"column":8},"end":{"line":464,"column":8}},{"start":{"line":464,"column":8},"end":{"line":464,"column":8}}]},"26":{"line":468,"type":"if","locations":[{"start":{"line":468,"column":8},"end":{"line":468,"column":8}},{"start":{"line":468,"column":8},"end":{"line":468,"column":8}}]},"27":{"line":469,"type":"if","locations":[{"start":{"line":469,"column":12},"end":{"line":469,"column":12}},{"start":{"line":469,"column":12},"end":{"line":469,"column":12}}]},"28":{"line":477,"type":"if","locations":[{"start":{"line":477,"column":8},"end":{"line":477,"column":8}},{"start":{"line":477,"column":8},"end":{"line":477,"column":8}}]},"29":{"line":478,"type":"if","locations":[{"start":{"line":478,"column":12},"end":{"line":478,"column":12}},{"start":{"line":478,"column":12},"end":{"line":478,"column":12}}]},"30":{"line":481,"type":"if","locations":[{"start":{"line":481,"column":8},"end":{"line":481,"column":8}},{"start":{"line":481,"column":8},"end":{"line":481,"column":8}}]}}},"contracts/governance/LPTokenWrapper.sol":{"l":{"25":0,"31":0,"37":0,"38":0,"39":0,"45":0,"46":0,"47":0,"53":0},"path":"/home/sylph/dev/sfxdx_ru/yeur/contracts/governance/LPTokenWrapper.sol","s":{"1":0,"2":0,"3":0,"4":0,"5":0,"6":0,"7":0,"8":0,"9":0},"b":{},"f":{"1":0,"2":0,"3":0,"4":0,"5":0},"fnMap":{"1":{"name":"totalSupply","line":24,"loc":{"start":{"line":24,"column":4},"end":{"line":26,"column":4}}},"2":{"name":"balanceOf","line":30,"loc":{"start":{"line":30,"column":4},"end":{"line":32,"column":4}}},"3":{"name":"stake","line":36,"loc":{"start":{"line":36,"column":4},"end":{"line":40,"column":4}}},"4":{"name":"withdraw","line":44,"loc":{"start":{"line":44,"column":4},"end":{"line":48,"column":4}}},"5":{"name":"_setGovernanceToken","line":52,"loc":{"start":{"line":52,"column":4},"end":{"line":54,"column":4}}}},"statementMap":{"1":{"start":{"line":25,"column":8},"end":{"line":25,"column":27}},"2":{"start":{"line":31,"column":8},"end":{"line":31,"column":34}},"3":{"start":{"line":37,"column":8},"end":{"line":37,"column":47}},"4":{"start":{"line":38,"column":8},"end":{"line":38,"column":65}},"5":{"start":{"line":39,"column":8},"end":{"line":39,"column":75}},"6":{"start":{"line":45,"column":8},"end":{"line":45,"column":47}},"7":{"start":{"line":46,"column":8},"end":{"line":46,"column":65}},"8":{"start":{"line":47,"column":8},"end":{"line":47,"column":52}},"9":{"start":{"line":53,"column":8},"end":{"line":53,"column":52}}},"branchMap":{}},"contracts/governance/XBG.sol":{"l":{"15":0},"path":"/home/sylph/dev/sfxdx_ru/yeur/contracts/governance/XBG.sol","s":{"1":0},"b":{},"f":{"1":0},"fnMap":{"1":{"name":"constructor","line":14,"loc":{"start":{"line":12,"column":4},"end":{"line":16,"column":4}}}},"statementMap":{"1":{"start":{"line":15,"column":8},"end":{"line":15,"column":39}}},"branchMap":{}},"contracts/interfaces/IController.sol":{"l":{},"path":"/home/sylph/dev/sfxdx_ru/yeur/contracts/interfaces/IController.sol","s":{},"b":{},"f":{},"fnMap":{},"statementMap":{},"branchMap":{}},"contracts/interfaces/IConverter.sol":{"l":{},"path":"/home/sylph/dev/sfxdx_ru/yeur/contracts/interfaces/IConverter.sol","s":{},"b":{},"f":{},"fnMap":{},"statementMap":{},"branchMap":{}},"contracts/interfaces/IEURxb.sol":{"l":{},"path":"/home/sylph/dev/sfxdx_ru/yeur/contracts/interfaces/IEURxb.sol","s":{},"b":{},"f":{},"fnMap":{},"statementMap":{},"branchMap":{}},"contracts/interfaces/IExecutor.sol":{"l":{},"path":"/home/sylph/dev/sfxdx_ru/yeur/contracts/interfaces/IExecutor.sol","s":{},"b":{},"f":{},"fnMap":{},"statementMap":{},"branchMap":{}},"contracts/interfaces/IOneSplitAudit.sol":{"l":{},"path":"/home/sylph/dev/sfxdx_ru/yeur/contracts/interfaces/IOneSplitAudit.sol","s":{},"b":{},"f":{},"fnMap":{},"statementMap":{},"branchMap":{}},"contracts/interfaces/IRewardDistributionRecipient.sol":{"l":{"13":0,"14":0,"21":0},"path":"/home/sylph/dev/sfxdx_ru/yeur/contracts/interfaces/IRewardDistributionRecipient.sol","s":{"1":0,"2":0},"b":{"1":[0,0]},"f":{"1":0,"2":0},"fnMap":{"1":{"name":"onlyRewardDistribution","line":12,"loc":{"start":{"line":12,"column":4},"end":{"line":15,"column":4}}},"2":{"name":"setRewardDistribution","line":19,"loc":{"start":{"line":17,"column":4},"end":{"line":22,"column":4}}}},"statementMap":{"1":{"start":{"line":13,"column":8},"end":{"line":13,"column":71}},"2":{"start":{"line":21,"column":8},"end":{"line":21,"column":47}}},"branchMap":{"1":{"line":13,"type":"if","locations":[{"start":{"line":13,"column":8},"end":{"line":13,"column":8}},{"start":{"line":13,"column":8},"end":{"line":13,"column":8}}]}}},"contracts/interfaces/IStrategy.sol":{"l":{},"path":"/home/sylph/dev/sfxdx_ru/yeur/contracts/interfaces/IStrategy.sol","s":{},"b":{},"f":{},"fnMap":{},"statementMap":{},"branchMap":{}},"contracts/interfaces/ITreasury.sol":{"l":{},"path":"/home/sylph/dev/sfxdx_ru/yeur/contracts/interfaces/ITreasury.sol","s":{},"b":{},"f":{},"fnMap":{},"statementMap":{},"branchMap":{}},"contracts/interfaces/vault/IVaultCore.sol":{"l":{},"path":"/home/sylph/dev/sfxdx_ru/yeur/contracts/interfaces/vault/IVaultCore.sol","s":{},"b":{},"f":{},"fnMap":{},"statementMap":{},"branchMap":{}},"contracts/interfaces/vault/IVaultDelegated.sol":{"l":{},"path":"/home/sylph/dev/sfxdx_ru/yeur/contracts/interfaces/vault/IVaultDelegated.sol","s":{},"b":{},"f":{},"fnMap":{},"statementMap":{},"branchMap":{}},"contracts/interfaces/vault/IVaultTransfers.sol":{"l":{},"path":"/home/sylph/dev/sfxdx_ru/yeur/contracts/interfaces/vault/IVaultTransfers.sol","s":{},"b":{},"f":{},"fnMap":{},"statementMap":{},"branchMap":{}},"contracts/interfaces/vault/IVaultWrapped.sol":{"l":{},"path":"/home/sylph/dev/sfxdx_ru/yeur/contracts/interfaces/vault/IVaultWrapped.sol","s":{},"b":{},"f":{},"fnMap":{},"statementMap":{},"branchMap":{}},"contracts/mocks/EURxbMock.sol":{"l":{"18":0,"19":0,"23":0,"24":0,"28":0,"32":0},"path":"/home/sylph/dev/sfxdx_ru/yeur/contracts/mocks/EURxbMock.sol","s":{"1":0,"2":0,"3":0,"4":0,"5":0,"6":0},"b":{},"f":{"1":0,"2":0,"3":0,"4":0,"5":0},"fnMap":{"1":{"name":"constructor","line":15,"loc":{"start":{"line":15,"column":4},"end":{"line":15,"column":53}}},"2":{"name":"mint","line":17,"loc":{"start":{"line":17,"column":4},"end":{"line":20,"column":4}}},"3":{"name":"burn","line":22,"loc":{"start":{"line":22,"column":4},"end":{"line":25,"column":4}}},"4":{"name":"addNewMaturity","line":27,"loc":{"start":{"line":27,"column":4},"end":{"line":29,"column":4}}},"5":{"name":"removeMaturity","line":31,"loc":{"start":{"line":31,"column":4},"end":{"line":33,"column":4}}}},"statementMap":{"1":{"start":{"line":18,"column":8},"end":{"line":18,"column":41}},"2":{"start":{"line":19,"column":8},"end":{"line":19,"column":29}},"3":{"start":{"line":23,"column":8},"end":{"line":23,"column":41}},"4":{"start":{"line":24,"column":8},"end":{"line":24,"column":29}},"5":{"start":{"line":28,"column":8},"end":{"line":28,"column":55}},"6":{"start":{"line":32,"column":8},"end":{"line":32,"column":55}}},"branchMap":{}},"contracts/mocks/ExecutorMock.sol":{"l":{"20":0},"path":"/home/sylph/dev/sfxdx_ru/yeur/contracts/mocks/ExecutorMock.sol","s":{"1":0},"b":{},"f":{"1":0},"fnMap":{"1":{"name":"execute","line":14,"loc":{"start":{"line":14,"column":4},"end":{"line":21,"column":4}}}},"statementMap":{"1":{"start":{"line":20,"column":6},"end":{"line":20,"column":53}}},"branchMap":{}},"contracts/mocks/Imports.sol":{"l":{},"path":"/home/sylph/dev/sfxdx_ru/yeur/contracts/mocks/Imports.sol","s":{},"b":{},"f":{},"fnMap":{},"statementMap":{},"branchMap":{}},"contracts/mocks/MockToken.sol":{"l":{"11":0,"15":0},"path":"/home/sylph/dev/sfxdx_ru/yeur/contracts/mocks/MockToken.sol","s":{"1":0,"2":0},"b":{},"f":{"1":0,"2":0},"fnMap":{"1":{"name":"constructor","line":10,"loc":{"start":{"line":6,"column":4},"end":{"line":12,"column":4}}},"2":{"name":"mintSender","line":14,"loc":{"start":{"line":14,"column":4},"end":{"line":16,"column":4}}}},"statementMap":{"1":{"start":{"line":11,"column":8},"end":{"line":11,"column":39}},"2":{"start":{"line":15,"column":6},"end":{"line":15,"column":31}}},"branchMap":{}},"contracts/Registry.sol":{"l":{"45":0,"51":0,"52":0,"53":0,"59":0,"60":0,"62":0,"63":0,"76":0,"77":0,"88":0,"90":0,"92":0,"99":0,"100":0,"108":0,"129":0,"130":0,"131":0,"132":0,"134":0,"137":0,"138":0,"139":0,"141":0,"144":0,"145":0,"147":0,"151":0,"152":0,"153":0,"155":0,"157":0,"160":0,"161":0,"162":0,"164":0,"165":0,"168":0,"174":0,"180":0,"186":0,"187":0,"188":0,"190":0,"211":0,"212":0,"235":0,"236":0,"237":0,"238":0,"239":0,"240":0,"242":0,"243":0,"244":0,"245":0,"246":0,"247":0,"248":0,"249":0},"path":"/home/sylph/dev/sfxdx_ru/yeur/contracts/Registry.sol","s":{"1":0,"2":0,"3":0,"4":0,"5":0,"6":0,"7":0,"8":0,"9":0,"10":0,"11":0,"12":0,"13":0,"14":0,"15":0,"16":0,"17":0,"18":0,"19":0,"20":0,"21":0,"22":0,"23":0,"24":0,"25":0,"26":0,"27":0,"28":0,"29":0,"30":0,"31":0,"32":0,"33":0,"34":0,"35":0,"36":0,"37":0,"38":0,"39":0,"40":0,"41":0,"42":0,"43":0,"44":0,"45":0,"46":0,"47":0,"48":0,"49":0,"50":0,"51":0,"52":0,"53":0,"54":0,"55":0,"56":0,"57":0,"58":0,"59":0,"60":0,"61":0,"62":0},"b":{"1":[0,0],"2":[0,0],"3":[0,0],"4":[0,0],"5":[0,0],"6":[0,0],"7":[0,0],"8":[0,0],"9":[0,0],"10":[0,0],"11":[0,0],"12":[0,0],"13":[0,0]},"f":{"1":0,"2":0,"3":0,"4":0,"5":0,"6":0,"7":0,"8":0,"9":0,"10":0,"11":0,"12":0,"13":0},"fnMap":{"1":{"name":"getName","line":44,"loc":{"start":{"line":44,"column":4},"end":{"line":46,"column":4}}},"2":{"name":"addVault","line":50,"loc":{"start":{"line":50,"column":4},"end":{"line":54,"column":4}}},"3":{"name":"addWrappedVault","line":58,"loc":{"start":{"line":58,"column":4},"end":{"line":71,"column":4}}},"4":{"name":"addDelegatedVault","line":75,"loc":{"start":{"line":75,"column":4},"end":{"line":83,"column":4}}},"5":{"name":"_addVault","line":87,"loc":{"start":{"line":87,"column":4},"end":{"line":93,"column":4}}},"6":{"name":"_addController","line":97,"loc":{"start":{"line":97,"column":4},"end":{"line":102,"column":4}}},"7":{"name":"removeVault","line":107,"loc":{"start":{"line":107,"column":4},"end":{"line":109,"column":4}}},"8":{"name":"_getVaultData","line":118,"loc":{"start":{"line":118,"column":4},"end":{"line":169,"column":4}}},"9":{"name":"getVault","line":173,"loc":{"start":{"line":173,"column":4},"end":{"line":175,"column":4}}},"10":{"name":"getVaultsLength","line":179,"loc":{"start":{"line":179,"column":4},"end":{"line":181,"column":4}}},"11":{"name":"getVaults","line":185,"loc":{"start":{"line":185,"column":4},"end":{"line":191,"column":4}}},"12":{"name":"getVaultInfo","line":200,"loc":{"start":{"line":200,"column":4},"end":{"line":213,"column":4}}},"13":{"name":"getVaultsInfo","line":223,"loc":{"start":{"line":223,"column":4},"end":{"line":251,"column":4}}}},"statementMap":{"1":{"start":{"line":45,"column":6},"end":{"line":45,"column":23}},"2":{"start":{"line":51,"column":8},"end":{"line":51,"column":24}},"3":{"start":{"line":52,"column":8},"end":{"line":52,"column":60}},"4":{"start":{"line":53,"column":8},"end":{"line":53,"column":33}},"5":{"start":{"line":59,"column":8},"end":{"line":59,"column":23}},"6":{"start":{"line":60,"column":8},"end":{"line":60,"column":61}},"7":{"start":{"line":62,"column":8},"end":{"line":62,"column":62}},"8":{"start":{"line":63,"column":8},"end":{"line":63,"column":44}},"9":{"start":{"line":76,"column":8},"end":{"line":76,"column":23}},"10":{"start":{"line":77,"column":8},"end":{"line":77,"column":38}},"11":{"start":{"line":88,"column":8},"end":{"line":88,"column":48}},"12":{"start":{"line":90,"column":8},"end":{"line":90,"column":51}},"13":{"start":{"line":92,"column":8},"end":{"line":92,"column":26}},"14":{"start":{"line":99,"column":8},"end":{"line":99,"column":4175}},"15":{"start":{"line":100,"column":12},"end":{"line":100,"column":40}},"16":{"start":{"line":108,"column":8},"end":{"line":108,"column":29}},"17":{"start":{"line":129,"column":8},"end":{"line":129,"column":30}},"18":{"start":{"line":130,"column":8},"end":{"line":130,"column":54}},"19":{"start":{"line":131,"column":8},"end":{"line":131,"column":5367}},"20":{"start":{"line":132,"column":12},"end":{"line":132,"column":40}},"21":{"start":{"line":134,"column":8},"end":{"line":134,"column":44}},"22":{"start":{"line":137,"column":8},"end":{"line":137,"column":50}},"23":{"start":{"line":138,"column":8},"end":{"line":138,"column":5584}},"24":{"start":{"line":139,"column":12},"end":{"line":139,"column":45}},"25":{"start":{"line":141,"column":12},"end":{"line":141,"column":44}},"26":{"start":{"line":144,"column":8},"end":{"line":144,"column":5810}},"27":{"start":{"line":145,"column":12},"end":{"line":145,"column":63}},"28":{"start":{"line":147,"column":12},"end":{"line":147,"column":63}},"29":{"start":{"line":151,"column":8},"end":{"line":151,"column":44}},"30":{"start":{"line":152,"column":8},"end":{"line":152,"column":6100}},"31":{"start":{"line":153,"column":12},"end":{"line":153,"column":69}},"32":{"start":{"line":155,"column":12},"end":{"line":155,"column":66}},"33":{"start":{"line":157,"column":8},"end":{"line":157,"column":65}},"34":{"start":{"line":160,"column":8},"end":{"line":160,"column":6453}},"35":{"start":{"line":161,"column":12},"end":{"line":161,"column":68}},"36":{"start":{"line":162,"column":12},"end":{"line":162,"column":61}},"37":{"start":{"line":163,"column":15},"end":{"line":163,"column":6636}},"38":{"start":{"line":164,"column":12},"end":{"line":164,"column":62}},"39":{"start":{"line":165,"column":12},"end":{"line":165,"column":65}},"40":{"start":{"line":168,"column":8},"end":{"line":168,"column":68}},"41":{"start":{"line":174,"column":8},"end":{"line":174,"column":32}},"42":{"start":{"line":180,"column":8},"end":{"line":180,"column":31}},"43":{"start":{"line":186,"column":8},"end":{"line":186,"column":70}},"44":{"start":{"line":187,"column":8},"end":{"line":187,"column":7598}},"45":{"start":{"line":188,"column":12},"end":{"line":188,"column":41}},"46":{"start":{"line":190,"column":8},"end":{"line":190,"column":26}},"47":{"start":{"line":211,"column":8},"end":{"line":211,"column":84}},"48":{"start":{"line":212,"column":8},"end":{"line":212,"column":68}},"49":{"start":{"line":235,"column":8},"end":{"line":235,"column":56}},"50":{"start":{"line":236,"column":8},"end":{"line":236,"column":56}},"51":{"start":{"line":237,"column":8},"end":{"line":237,"column":51}},"52":{"start":{"line":238,"column":8},"end":{"line":238,"column":54}},"53":{"start":{"line":239,"column":8},"end":{"line":239,"column":52}},"54":{"start":{"line":240,"column":8},"end":{"line":240,"column":54}},"55":{"start":{"line":242,"column":8},"end":{"line":242,"column":9835}},"56":{"start":{"line":243,"column":12},"end":{"line":243,"column":45}},"57":{"start":{"line":244,"column":12},"end":{"line":244,"column":135}},"58":{"start":{"line":245,"column":12},"end":{"line":245,"column":43}},"59":{"start":{"line":246,"column":12},"end":{"line":246,"column":33}},"60":{"start":{"line":247,"column":12},"end":{"line":247,"column":39}},"61":{"start":{"line":248,"column":12},"end":{"line":248,"column":41}},"62":{"start":{"line":249,"column":12},"end":{"line":249,"column":45}}},"branchMap":{"1":{"line":62,"type":"if","locations":[{"start":{"line":62,"column":8},"end":{"line":62,"column":8}},{"start":{"line":62,"column":8},"end":{"line":62,"column":8}}]},"2":{"line":88,"type":"if","locations":[{"start":{"line":88,"column":8},"end":{"line":88,"column":8}},{"start":{"line":88,"column":8},"end":{"line":88,"column":8}}]},"3":{"line":90,"type":"if","locations":[{"start":{"line":90,"column":8},"end":{"line":90,"column":8}},{"start":{"line":90,"column":8},"end":{"line":90,"column":8}}]},"4":{"line":99,"type":"if","locations":[{"start":{"line":99,"column":8},"end":{"line":99,"column":8}},{"start":{"line":99,"column":8},"end":{"line":99,"column":8}}]},"5":{"line":131,"type":"if","locations":[{"start":{"line":131,"column":8},"end":{"line":131,"column":8}},{"start":{"line":131,"column":8},"end":{"line":131,"column":8}}]},"6":{"line":138,"type":"if","locations":[{"start":{"line":138,"column":8},"end":{"line":138,"column":8}},{"start":{"line":138,"column":8},"end":{"line":138,"column":8}}]},"7":{"line":144,"type":"if","locations":[{"start":{"line":144,"column":8},"end":{"line":144,"column":8}},{"start":{"line":144,"column":8},"end":{"line":144,"column":8}}]},"8":{"line":152,"type":"if","locations":[{"start":{"line":152,"column":8},"end":{"line":152,"column":8}},{"start":{"line":152,"column":8},"end":{"line":152,"column":8}}]},"9":{"line":157,"type":"if","locations":[{"start":{"line":157,"column":8},"end":{"line":157,"column":8}},{"start":{"line":157,"column":8},"end":{"line":157,"column":8}}]},"10":{"line":160,"type":"if","locations":[{"start":{"line":160,"column":8},"end":{"line":160,"column":8}},{"start":{"line":160,"column":8},"end":{"line":160,"column":8}}]},"11":{"line":162,"type":"if","locations":[{"start":{"line":162,"column":12},"end":{"line":162,"column":12}},{"start":{"line":162,"column":12},"end":{"line":162,"column":12}}]},"12":{"line":163,"type":"if","locations":[{"start":{"line":163,"column":15},"end":{"line":163,"column":15}},{"start":{"line":163,"column":15},"end":{"line":163,"column":15}}]},"13":{"line":165,"type":"if","locations":[{"start":{"line":165,"column":12},"end":{"line":165,"column":12}},{"start":{"line":165,"column":12},"end":{"line":165,"column":12}}]}}},"contracts/strategies/ConsumerEURxbStrategy.sol":{"l":{"27":0,"31":0},"path":"/home/sylph/dev/sfxdx_ru/yeur/contracts/strategies/ConsumerEURxbStrategy.sol","s":{"1":0,"2":0},"b":{},"f":{"1":0,"2":0,"3":0,"4":0},"fnMap":{"1":{"name":"skim","line":19,"loc":{"start":{"line":19,"column":4},"end":{"line":20,"column":4}}},"2":{"name":"deposit","line":22,"loc":{"start":{"line":22,"column":4},"end":{"line":23,"column":4}}},"3":{"name":"withdrawalFee","line":26,"loc":{"start":{"line":26,"column":4},"end":{"line":28,"column":4}}},"4":{"name":"_withdrawSome","line":30,"loc":{"start":{"line":30,"column":4},"end":{"line":32,"column":4}}}},"statementMap":{"1":{"start":{"line":27,"column":8},"end":{"line":27,"column":16}},"2":{"start":{"line":31,"column":8},"end":{"line":31,"column":22}}},"branchMap":{}},"contracts/strategies/EURxbStrategy.sol":{"l":{"34":0,"35":0,"40":0,"41":0,"54":0,"55":0,"56":0,"62":0,"63":0,"69":0,"70":0,"76":0,"77":0,"83":0,"89":0,"90":0,"91":0,"97":0,"98":0,"99":0,"100":0,"102":0,"103":0,"105":0,"106":0,"107":0,"108":0,"109":0,"110":0,"112":0,"117":0,"118":0,"119":0,"126":0},"path":"/home/sylph/dev/sfxdx_ru/yeur/contracts/strategies/EURxbStrategy.sol","s":{"1":0,"2":0,"3":0,"4":0,"5":0,"6":0,"7":0,"8":0,"9":0,"10":0,"11":0,"12":0,"13":0,"14":0,"15":0,"16":0,"17":0,"18":0,"19":0,"20":0,"21":0,"22":0,"23":0,"24":0,"25":0,"26":0,"27":0,"28":0,"29":0,"30":0,"31":0,"32":0},"b":{"1":[0,0],"2":[0,0],"3":[0,0],"4":[0,0],"5":[0,0],"6":[0,0],"7":[0,0],"8":[0,0],"9":[0,0],"10":[0,0],"11":[0,0],"12":[0,0],"13":[0,0]},"f":{"1":0,"2":0,"3":0,"4":0,"5":0,"6":0,"7":0,"8":0,"9":0,"10":0,"11":0,"12":0},"fnMap":{"1":{"name":"onlyController","line":33,"loc":{"start":{"line":33,"column":4},"end":{"line":36,"column":4}}},"2":{"name":"onlyControllerOrVault","line":39,"loc":{"start":{"line":39,"column":4},"end":{"line":42,"column":4}}},"3":{"name":"configure","line":53,"loc":{"start":{"line":49,"column":4},"end":{"line":57,"column":4}}},"4":{"name":"setVault","line":61,"loc":{"start":{"line":61,"column":4},"end":{"line":64,"column":4}}},"5":{"name":"setController","line":68,"loc":{"start":{"line":68,"column":4},"end":{"line":71,"column":4}}},"6":{"name":"setWant","line":75,"loc":{"start":{"line":75,"column":4},"end":{"line":78,"column":4}}},"7":{"name":"want","line":82,"loc":{"start":{"line":82,"column":4},"end":{"line":84,"column":4}}},"8":{"name":"withdraw","line":88,"loc":{"start":{"line":88,"column":4},"end":{"line":92,"column":4}}},"9":{"name":"withdraw","line":96,"loc":{"start":{"line":96,"column":4},"end":{"line":113,"column":4}}},"10":{"name":"withdrawAll","line":116,"loc":{"start":{"line":116,"column":4},"end":{"line":120,"column":4}}},"11":{"name":"_withdrawSome","line":122,"loc":{"start":{"line":122,"column":4},"end":{"line":122,"column":76}}},"12":{"name":"balanceOf","line":125,"loc":{"start":{"line":125,"column":4},"end":{"line":127,"column":4}}}},"statementMap":{"1":{"start":{"line":34,"column":8},"end":{"line":34,"column":57}},"2":{"start":{"line":40,"column":8},"end":{"line":40,"column":88}},"3":{"start":{"line":54,"column":8},"end":{"line":54,"column":29}},"4":{"start":{"line":55,"column":8},"end":{"line":55,"column":38}},"5":{"start":{"line":56,"column":8},"end":{"line":56,"column":28}},"6":{"start":{"line":62,"column":8},"end":{"line":62,"column":42}},"7":{"start":{"line":63,"column":8},"end":{"line":63,"column":24}},"8":{"start":{"line":69,"column":8},"end":{"line":69,"column":52}},"9":{"start":{"line":70,"column":8},"end":{"line":70,"column":34}},"10":{"start":{"line":76,"column":8},"end":{"line":76,"column":42}},"11":{"start":{"line":77,"column":8},"end":{"line":77,"column":24}},"12":{"start":{"line":83,"column":8},"end":{"line":83,"column":21}},"13":{"start":{"line":89,"column":8},"end":{"line":89,"column":59}},"14":{"start":{"line":90,"column":8},"end":{"line":90,"column":65}},"15":{"start":{"line":91,"column":8},"end":{"line":91,"column":73}},"16":{"start":{"line":97,"column":8},"end":{"line":97,"column":66}},"17":{"start":{"line":98,"column":8},"end":{"line":98,"column":3810}},"18":{"start":{"line":99,"column":12},"end":{"line":99,"column":57}},"19":{"start":{"line":100,"column":12},"end":{"line":100,"column":42}},"20":{"start":{"line":102,"column":8},"end":{"line":102,"column":63}},"21":{"start":{"line":103,"column":8},"end":{"line":103,"column":46}},"22":{"start":{"line":105,"column":8},"end":{"line":105,"column":55}},"23":{"start":{"line":106,"column":8},"end":{"line":106,"column":4183}},"24":{"start":{"line":107,"column":12},"end":{"line":107,"column":86}},"25":{"start":{"line":108,"column":12},"end":{"line":108,"column":57}},"26":{"start":{"line":109,"column":12},"end":{"line":109,"column":94}},"27":{"start":{"line":110,"column":12},"end":{"line":110,"column":65}},"28":{"start":{"line":112,"column":8},"end":{"line":112,"column":77}},"29":{"start":{"line":117,"column":8},"end":{"line":117,"column":66}},"30":{"start":{"line":118,"column":8},"end":{"line":118,"column":25}},"31":{"start":{"line":119,"column":8},"end":{"line":119,"column":23}},"32":{"start":{"line":126,"column":8},"end":{"line":126,"column":54}}},"branchMap":{"1":{"line":34,"type":"if","locations":[{"start":{"line":34,"column":8},"end":{"line":34,"column":8}},{"start":{"line":34,"column":8},"end":{"line":34,"column":8}}]},"2":{"line":40,"type":"if","locations":[{"start":{"line":40,"column":8},"end":{"line":40,"column":8}},{"start":{"line":40,"column":8},"end":{"line":40,"column":8}}]},"3":{"line":62,"type":"if","locations":[{"start":{"line":62,"column":8},"end":{"line":62,"column":8}},{"start":{"line":62,"column":8},"end":{"line":62,"column":8}}]},"4":{"line":69,"type":"if","locations":[{"start":{"line":69,"column":8},"end":{"line":69,"column":8}},{"start":{"line":69,"column":8},"end":{"line":69,"column":8}}]},"5":{"line":76,"type":"if","locations":[{"start":{"line":76,"column":8},"end":{"line":76,"column":8}},{"start":{"line":76,"column":8},"end":{"line":76,"column":8}}]},"6":{"line":89,"type":"if","locations":[{"start":{"line":89,"column":8},"end":{"line":89,"column":8}},{"start":{"line":89,"column":8},"end":{"line":89,"column":8}}]},"7":{"line":91,"type":"if","locations":[{"start":{"line":91,"column":8},"end":{"line":91,"column":8}},{"start":{"line":91,"column":8},"end":{"line":91,"column":8}}]},"8":{"line":98,"type":"if","locations":[{"start":{"line":98,"column":8},"end":{"line":98,"column":8}},{"start":{"line":98,"column":8},"end":{"line":98,"column":8}}]},"9":{"line":103,"type":"if","locations":[{"start":{"line":103,"column":8},"end":{"line":103,"column":8}},{"start":{"line":103,"column":8},"end":{"line":103,"column":8}}]},"10":{"line":106,"type":"if","locations":[{"start":{"line":106,"column":8},"end":{"line":106,"column":8}},{"start":{"line":106,"column":8},"end":{"line":106,"column":8}}]},"11":{"line":108,"type":"if","locations":[{"start":{"line":108,"column":12},"end":{"line":108,"column":12}},{"start":{"line":108,"column":12},"end":{"line":108,"column":12}}]},"12":{"line":109,"type":"if","locations":[{"start":{"line":109,"column":12},"end":{"line":109,"column":12}},{"start":{"line":109,"column":12},"end":{"line":109,"column":12}}]},"13":{"line":112,"type":"if","locations":[{"start":{"line":112,"column":8},"end":{"line":112,"column":8}},{"start":{"line":112,"column":8},"end":{"line":112,"column":8}}]}}},"contracts/strategies/InstitutionalEURxbStrategy.sol":{"l":{"25":0,"30":0},"path":"/home/sylph/dev/sfxdx_ru/yeur/contracts/strategies/InstitutionalEURxbStrategy.sol","s":{"1":0,"2":0},"b":{},"f":{"1":0,"2":0,"3":0,"4":0},"fnMap":{"1":{"name":"skim","line":16,"loc":{"start":{"line":16,"column":4},"end":{"line":17,"column":4}}},"2":{"name":"deposit","line":20,"loc":{"start":{"line":20,"column":4},"end":{"line":21,"column":4}}},"3":{"name":"withdrawalFee","line":24,"loc":{"start":{"line":24,"column":4},"end":{"line":26,"column":4}}},"4":{"name":"_withdrawSome","line":28,"loc":{"start":{"line":28,"column":4},"end":{"line":31,"column":4}}}},"statementMap":{"1":{"start":{"line":25,"column":8},"end":{"line":25,"column":16}},"2":{"start":{"line":30,"column":8},"end":{"line":30,"column":22}}},"branchMap":{}},"contracts/TokenWrapper.sol":{"l":{"18":0,"19":0,"25":0,"26":0,"30":0,"31":0,"35":0,"36":0},"path":"/home/sylph/dev/sfxdx_ru/yeur/contracts/TokenWrapper.sol","s":{"1":0,"2":0,"3":0,"4":0,"5":0,"6":0,"7":0},"b":{"1":[0,0]},"f":{"1":0,"2":0,"3":0,"4":0,"5":0},"fnMap":{"1":{"name":"onlyMinter","line":17,"loc":{"start":{"line":17,"column":2},"end":{"line":20,"column":2}}},"2":{"name":"constructor","line":22,"loc":{"start":{"line":22,"column":2},"end":{"line":22,"column":71}}},"3":{"name":"configure","line":24,"loc":{"start":{"line":24,"column":2},"end":{"line":27,"column":2}}},"4":{"name":"mint","line":29,"loc":{"start":{"line":29,"column":2},"end":{"line":32,"column":2}}},"5":{"name":"burn","line":34,"loc":{"start":{"line":34,"column":2},"end":{"line":37,"column":2}}}},"statementMap":{"1":{"start":{"line":18,"column":4},"end":{"line":18,"column":57}},"2":{"start":{"line":25,"column":6},"end":{"line":25,"column":39}},"3":{"start":{"line":26,"column":6},"end":{"line":26,"column":33}},"4":{"start":{"line":30,"column":6},"end":{"line":30,"column":71}},"5":{"start":{"line":31,"column":6},"end":{"line":31,"column":29}},"6":{"start":{"line":35,"column":6},"end":{"line":35,"column":24}},"7":{"start":{"line":36,"column":6},"end":{"line":36,"column":61}}},"branchMap":{"1":{"line":18,"type":"if","locations":[{"start":{"line":18,"column":4},"end":{"line":18,"column":4}},{"start":{"line":18,"column":4},"end":{"line":18,"column":4}}]}}},"contracts/Treasury.sol":{"l":{"26":0,"27":0,"36":0,"37":0,"38":0,"39":0,"40":0,"44":0,"48":0,"52":0,"56":0,"60":0,"64":0,"65":0,"66":0,"67":0,"71":0,"72":0,"77":0,"78":0,"79":0,"80":0,"81":0,"82":0,"83":0},"path":"/home/sylph/dev/sfxdx_ru/yeur/contracts/Treasury.sol","s":{"1":0,"2":0,"3":0,"4":0,"5":0,"6":0,"7":0,"8":0,"9":0,"10":0,"11":0,"12":0,"13":0,"14":0,"15":0,"16":0,"17":0,"18":0,"19":0,"20":0,"21":0,"22":0,"23":0,"24":0},"b":{"1":[0,0]},"f":{"1":0,"2":0,"3":0,"4":0,"5":0,"6":0,"7":0,"8":0,"9":0,"10":0},"fnMap":{"1":{"name":"authorizedOnly","line":25,"loc":{"start":{"line":25,"column":4},"end":{"line":28,"column":4}}},"2":{"name":"configure","line":35,"loc":{"start":{"line":30,"column":4},"end":{"line":41,"column":4}}},"3":{"name":"setOneSplit","line":43,"loc":{"start":{"line":43,"column":4},"end":{"line":45,"column":4}}},"4":{"name":"setRewardsToken","line":47,"loc":{"start":{"line":47,"column":4},"end":{"line":49,"column":4}}},"5":{"name":"setGovernanceContract","line":51,"loc":{"start":{"line":51,"column":4},"end":{"line":53,"column":4}}},"6":{"name":"setAuthorized","line":55,"loc":{"start":{"line":55,"column":4},"end":{"line":57,"column":4}}},"7":{"name":"toGovernance","line":59,"loc":{"start":{"line":59,"column":4},"end":{"line":61,"column":4}}},"8":{"name":"toVoters","line":63,"loc":{"start":{"line":63,"column":4},"end":{"line":68,"column":4}}},"9":{"name":"getExpectedReturn","line":70,"loc":{"start":{"line":70,"column":4},"end":{"line":73,"column":4}}},"10":{"name":"convert","line":76,"loc":{"start":{"line":76,"column":4},"end":{"line":84,"column":4}}}},"statementMap":{"1":{"start":{"line":26,"column":6},"end":{"line":26,"column":53}},"2":{"start":{"line":36,"column":8},"end":{"line":36,"column":33}},"3":{"start":{"line":37,"column":8},"end":{"line":37,"column":29}},"4":{"start":{"line":38,"column":8},"end":{"line":38,"column":49}},"5":{"start":{"line":39,"column":8},"end":{"line":39,"column":37}},"6":{"start":{"line":40,"column":8},"end":{"line":40,"column":39}},"7":{"start":{"line":44,"column":8},"end":{"line":44,"column":27}},"8":{"start":{"line":48,"column":8},"end":{"line":48,"column":35}},"9":{"start":{"line":52,"column":8},"end":{"line":52,"column":47}},"10":{"start":{"line":56,"column":8},"end":{"line":56,"column":39}},"11":{"start":{"line":60,"column":8},"end":{"line":60,"column":55}},"12":{"start":{"line":64,"column":8},"end":{"line":64,"column":72}},"13":{"start":{"line":65,"column":8},"end":{"line":65,"column":62}},"14":{"start":{"line":66,"column":8},"end":{"line":66,"column":69}},"15":{"start":{"line":67,"column":8},"end":{"line":67,"column":66}},"16":{"start":{"line":71,"column":8},"end":{"line":71,"column":65}},"17":{"start":{"line":72,"column":8},"end":{"line":72,"column":95}},"18":{"start":{"line":77,"column":8},"end":{"line":77,"column":64}},"19":{"start":{"line":78,"column":8},"end":{"line":78,"column":38}},"20":{"start":{"line":79,"column":8},"end":{"line":79,"column":25}},"21":{"start":{"line":80,"column":8},"end":{"line":80,"column":45}},"22":{"start":{"line":81,"column":8},"end":{"line":81,"column":51}},"23":{"start":{"line":82,"column":8},"end":{"line":82,"column":119}},"24":{"start":{"line":83,"column":8},"end":{"line":83,"column":95}}},"branchMap":{"1":{"line":26,"type":"if","locations":[{"start":{"line":26,"column":6},"end":{"line":26,"column":6}},{"start":{"line":26,"column":6},"end":{"line":26,"column":6}}]}}},"contracts/vaults/ConsumerEURxbVault.sol":{"l":{},"path":"/home/sylph/dev/sfxdx_ru/yeur/contracts/vaults/ConsumerEURxbVault.sol","s":{},"b":{},"f":{"1":0},"fnMap":{"1":{"name":"constructor","line":9,"loc":{"start":{"line":9,"column":4},"end":{"line":9,"column":55}}}},"statementMap":{},"branchMap":{}},"contracts/vaults/EURxbVault.sol":{"l":{"59":0,"60":0,"66":0,"67":0,"73":0,"74":0,"80":0,"89":0,"95":0,"101":0,"107":0,"113":0,"114":0,"115":0,"116":0,"117":0,"118":0,"120":0,"122":0,"127":0,"133":0,"134":0,"136":0,"137":0,"138":0,"139":0,"140":0,"141":0,"142":0,"143":0,"146":0,"151":0,"156":0,"157":0,"158":0},"path":"/home/sylph/dev/sfxdx_ru/yeur/contracts/vaults/EURxbVault.sol","s":{"1":0,"2":0,"3":0,"4":0,"5":0,"6":0,"7":0,"8":0,"9":0,"10":0,"11":0,"12":0,"13":0,"14":0,"15":0,"16":0,"17":0,"18":0,"19":0,"20":0,"21":0,"22":0,"23":0,"24":0,"25":0,"26":0,"27":0,"28":0,"29":0,"30":0,"31":0,"32":0,"33":0,"34":0,"35":0},"b":{"1":[0,0],"2":[0,0],"3":[0,0],"4":[0,0],"5":[0,0],"6":[0,0],"7":[0,0],"8":[0,0]},"f":{"1":0,"2":0,"3":0,"4":0,"5":0,"6":0,"7":0,"8":0,"9":0,"10":0,"11":0,"12":0,"13":0,"14":0},"fnMap":{"1":{"name":"constructor","line":48,"loc":{"start":{"line":41,"column":4},"end":{"line":49,"column":5}}},"2":{"name":"configure","line":58,"loc":{"start":{"line":55,"column":4},"end":{"line":61,"column":4}}},"3":{"name":"setMin","line":65,"loc":{"start":{"line":65,"column":4},"end":{"line":68,"column":4}}},"4":{"name":"setController","line":72,"loc":{"start":{"line":72,"column":4},"end":{"line":75,"column":4}}},"5":{"name":"balance","line":79,"loc":{"start":{"line":79,"column":4},"end":{"line":85,"column":4}}},"6":{"name":"available","line":88,"loc":{"start":{"line":88,"column":4},"end":{"line":90,"column":4}}},"7":{"name":"token","line":94,"loc":{"start":{"line":94,"column":4},"end":{"line":96,"column":4}}},"8":{"name":"controller","line":100,"loc":{"start":{"line":100,"column":4},"end":{"line":102,"column":4}}},"9":{"name":"getPricePerFullShare","line":106,"loc":{"start":{"line":106,"column":4},"end":{"line":108,"column":4}}},"10":{"name":"deposit","line":112,"loc":{"start":{"line":112,"column":4},"end":{"line":123,"column":4}}},"11":{"name":"depositAll","line":126,"loc":{"start":{"line":126,"column":4},"end":{"line":128,"column":4}}},"12":{"name":"withdraw","line":132,"loc":{"start":{"line":132,"column":4},"end":{"line":147,"column":4}}},"13":{"name":"withdrawAll","line":150,"loc":{"start":{"line":150,"column":4},"end":{"line":152,"column":4}}},"14":{"name":"earn","line":155,"loc":{"start":{"line":155,"column":4},"end":{"line":159,"column":4}}}},"statementMap":{"1":{"start":{"line":59,"column":8},"end":{"line":59,"column":37}},"2":{"start":{"line":60,"column":8},"end":{"line":60,"column":40}},"3":{"start":{"line":66,"column":8},"end":{"line":66,"column":38}},"4":{"start":{"line":67,"column":8},"end":{"line":67,"column":20}},"5":{"start":{"line":73,"column":8},"end":{"line":73,"column":53}},"6":{"start":{"line":74,"column":8},"end":{"line":74,"column":35}},"7":{"start":{"line":80,"column":8},"end":{"line":80,"column":2874}},"8":{"start":{"line":89,"column":8},"end":{"line":89,"column":64}},"9":{"start":{"line":95,"column":8},"end":{"line":95,"column":30}},"10":{"start":{"line":101,"column":8},"end":{"line":101,"column":26}},"11":{"start":{"line":107,"column":8},"end":{"line":107,"column":53}},"12":{"start":{"line":113,"column":8},"end":{"line":113,"column":33}},"13":{"start":{"line":114,"column":8},"end":{"line":114,"column":90}},"14":{"start":{"line":115,"column":8},"end":{"line":115,"column":48}},"15":{"start":{"line":116,"column":8},"end":{"line":116,"column":26}},"16":{"start":{"line":117,"column":8},"end":{"line":117,"column":4358}},"17":{"start":{"line":118,"column":12},"end":{"line":118,"column":27}},"18":{"start":{"line":120,"column":12},"end":{"line":120,"column":59}},"19":{"start":{"line":122,"column":8},"end":{"line":122,"column":34}},"20":{"start":{"line":127,"column":8},"end":{"line":127,"column":46}},"21":{"start":{"line":133,"column":8},"end":{"line":133,"column":63}},"22":{"start":{"line":134,"column":8},"end":{"line":134,"column":35}},"23":{"start":{"line":136,"column":8},"end":{"line":136,"column":51}},"24":{"start":{"line":137,"column":8},"end":{"line":137,"column":5122}},"25":{"start":{"line":138,"column":12},"end":{"line":138,"column":40}},"26":{"start":{"line":139,"column":12},"end":{"line":139,"column":72}},"27":{"start":{"line":140,"column":12},"end":{"line":140,"column":60}},"28":{"start":{"line":141,"column":12},"end":{"line":141,"column":41}},"29":{"start":{"line":142,"column":12},"end":{"line":142,"column":5373}},"30":{"start":{"line":143,"column":16},"end":{"line":143,"column":31}},"31":{"start":{"line":146,"column":8},"end":{"line":146,"column":61}},"32":{"start":{"line":151,"column":8},"end":{"line":151,"column":47}},"33":{"start":{"line":156,"column":6},"end":{"line":156,"column":32}},"34":{"start":{"line":157,"column":6},"end":{"line":157,"column":61}},"35":{"start":{"line":158,"column":6},"end":{"line":158,"column":57}}},"branchMap":{"1":{"line":66,"type":"if","locations":[{"start":{"line":66,"column":8},"end":{"line":66,"column":8}},{"start":{"line":66,"column":8},"end":{"line":66,"column":8}}]},"2":{"line":73,"type":"if","locations":[{"start":{"line":73,"column":8},"end":{"line":73,"column":8}},{"start":{"line":73,"column":8},"end":{"line":73,"column":8}}]},"3":{"line":114,"type":"if","locations":[{"start":{"line":114,"column":8},"end":{"line":114,"column":8}},{"start":{"line":114,"column":8},"end":{"line":114,"column":8}}]},"4":{"line":117,"type":"if","locations":[{"start":{"line":117,"column":8},"end":{"line":117,"column":8}},{"start":{"line":117,"column":8},"end":{"line":117,"column":8}}]},"5":{"line":137,"type":"if","locations":[{"start":{"line":137,"column":8},"end":{"line":137,"column":8}},{"start":{"line":137,"column":8},"end":{"line":137,"column":8}}]},"6":{"line":142,"type":"if","locations":[{"start":{"line":142,"column":12},"end":{"line":142,"column":12}},{"start":{"line":142,"column":12},"end":{"line":142,"column":12}}]},"7":{"line":146,"type":"if","locations":[{"start":{"line":146,"column":8},"end":{"line":146,"column":8}},{"start":{"line":146,"column":8},"end":{"line":146,"column":8}}]},"8":{"line":157,"type":"if","locations":[{"start":{"line":157,"column":6},"end":{"line":157,"column":6}},{"start":{"line":157,"column":6},"end":{"line":157,"column":6}}]}}},"contracts/vaults/InstitutionalEURxbVault.sol":{"l":{},"path":"/home/sylph/dev/sfxdx_ru/yeur/contracts/vaults/InstitutionalEURxbVault.sol","s":{},"b":{},"f":{"1":0},"fnMap":{"1":{"name":"constructor","line":9,"loc":{"start":{"line":9,"column":4},"end":{"line":9,"column":60}}}},"statementMap":{},"branchMap":{}}}